### X-Score scoring information
### Created by X-Score on Thu Aug 12 20:47:36 2021

<MOLECULE> 1e66_ligand
<FORMULA> C18H19N2Cl
<WEIGHT>  298.6
<ATOM> 40
--------------------------------------------------------------
ID   Type     VDW     HB     HP     HM      HS     RT   Score
--------------------------------------------------------------
1    N.ar     27.4    0.0    0.0   0.00     0.0    0.0   0.27
2    N.pl3    19.3    0.0    0.0   0.00     0.0    0.0   0.24
3    C.ar     36.5    0.0    0.0   0.00     0.0    0.0   0.31
4    C.ar     35.1    0.0   14.6   0.34    26.6    0.0   0.43
5    C.ar     32.7    0.0    0.0   0.00     0.0    0.0   0.29
6    C.ar     29.0    0.0    0.0   0.00     0.0    0.0   0.28
7    C.3      34.5    0.0    9.1   0.00    34.4    0.0   0.38
8    C.3      33.6    0.0    6.2   0.00    15.9    0.0   0.34
9    C.2      27.4    0.0    2.5   0.00     5.5    0.0   0.29
10   C.2      24.3    0.0    3.6   0.00     0.4    0.5   0.23
11   C.3      25.4    0.0    5.8   0.00    16.9    0.0   0.31
12   C.3      36.8    0.0   13.3   0.53    74.9    0.0   0.52
13   C.3      26.7    0.0    7.8   0.00     8.2    0.0   0.31
14   C.3      31.4    0.0    6.7   0.00    32.6    0.0   0.35
15   C.ar     25.3    0.0   10.5   0.30     0.9    0.0   0.34
16   C.ar     24.4    0.0    0.0   0.00     0.0    0.0   0.26
17   C.ar     28.2    0.0   12.4   0.30     3.1    0.0   0.36
18   C.ar     31.8    0.0   12.3   0.34    20.9    0.0   0.40
19   C.ar     34.6    0.0   14.2   0.34    27.5    0.0   0.43
20   C.3      31.4    0.0   10.2   0.00    31.9    0.5   0.32
21   Cl       34.0    0.0   18.7   0.66    58.0    0.0   0.52
22   H         0.0    0.0    0.0   0.00     0.0    0.0   0.00
23   H         0.0    0.0    0.0   0.00     0.0    0.0   0.00
24   H         0.0    0.0    0.0   0.00     0.0    0.0   0.00
25   H         0.0    0.0    0.0   0.00     0.0    0.0   0.00
26   H         0.0    0.0    0.0   0.00     0.0    0.0   0.00
27   H         0.0    0.0    0.0   0.00     0.0    0.0   0.00
28   H         0.0    0.0    0.0   0.00     0.0    0.0   0.00
29   H         0.0    0.0    0.0   0.00     0.0    0.0   0.00
30   H         0.0    0.0    0.0   0.00     0.0    0.0   0.00
31   H         0.0    0.0    0.0   0.00     0.0    0.0   0.00
32   H         0.0    0.0    0.0   0.00     0.0    0.0   0.00
33   H         0.0    0.0    0.0   0.00     0.0    0.0   0.00
34   H         0.0    0.0    0.0   0.00     0.0    0.0   0.00
35   H         0.0    0.0    0.0   0.00     0.0    0.0   0.00
36   H         0.0    0.0    0.0   0.00     0.0    0.0   0.00
37   H         0.0    0.0    0.0   0.00     0.0    0.0   0.00
38   H         0.0    0.0    0.0   0.00     0.0    0.0   0.00
39   H         0.0    0.0    0.0   0.00     0.0    0.0   0.00
40   H         0.0    0.0    0.0   0.00     0.0    0.0   0.00
--------------------------------------------------------------
Total        629.9    0.0  147.7   2.79   357.8    1.0   7.16
--------------------------------------------------------------

Scoring functions used in computation:

HPSCORE = 3.441 + (0.004)*VDW + (0.054)*HB + (0.009)*HP + (-0.061)*RT =  7.23
HMSCORE = 3.567 + (0.004)*VDW + (0.101)*HB + (0.387)*HM + (-0.097)*RT =  7.07
HSSCORE = 3.328 + (0.004)*VDW + (0.073)*HB + (0.004)*HS + (-0.090)*RT =  7.19

<END>

